<?xml version="1.0" encoding="UTF-8"?>
<testsuite name="addressbooktest.AddressBookTest" tests="1" skipped="0" failures="0" errors="0" timestamp="2020-05-07T08:41:30" hostname="blackhawkkk" time="0.335">
  <properties/>
  <testcase name="givenPersonInformation_whenCreateNewAddressBook_shouldReturnTrue" classname="addressbooktest.AddressBookTest" time="0.335"/>
  <system-out><![CDATA[]]></system-out>
  <system-err><![CDATA[]]></system-err>
</testsuite>
