<?xml version="1.0" encoding="UTF-8"?>
<testsuite name="addressbooktest.AddressBookTest" tests="1" skipped="0" failures="0" errors="0" timestamp="2020-05-07T08:37:39" hostname="blackhawkkk" time="0.445">
  <properties/>
  <testcase name="givenPersonInformation_whenPrintEntriesData_shouldReturnTrue" classname="addressbooktest.AddressBookTest" time="0.445"/>
  <system-out><![CDATA[Person{firstName='null', lastName='null', address='null', city='null', state='null', zip='null', phoneNumber='null'}
Person{firstName='Nilesh', lastName='lad', address='kranti nagar', city='sangli', state='Maharashtra', zip='416309', phoneNumber='8888310299'}
Person{firstName='kunal', lastName='pawar', address='ring road', city='kundal', state='maharashtra', zip='416416', phoneNumber='9561159826'}
Person{firstName='pranv', lastName='avte', address='kundal road', city='puna', state='maharashtra', zip='707121', phoneNumber='8308087259'}
Person{firstName='Akash', lastName='savat', address='Nagar', city='kholapur', state='Karnataka', zip='458963', phoneNumber='7083560957'}
Person{firstName='kunal', lastName='pawar', address='ring road', city='kundal', state='maharashtra', zip='416416', phoneNumber='9561159826'}
Person{firstName='pranv', lastName='avte', address='kundal road', city='puna', state='maharashtra', zip='707121', phoneNumber='8308087259'}
Person{firstName='Akash', lastName='savat', address='Nagar', city='kholapur', state='Karnataka', zip='458963', phoneNumber='7083560957'}
Person{firstName='kunal', lastName='pawar', address='ring road', city='kundal', state='maharashtra', zip='416416', phoneNumber='9561159826'}
Person{firstName='pranv', lastName='avte', address='kundal road', city='puna', state='maharashtra', zip='707121', phoneNumber='8308087259'}
Person{firstName='Akash', lastName='savat', address='Nagar', city='kholapur', state='Karnataka', zip='458963', phoneNumber='7083560957'}
]]></system-out>
  <system-err><![CDATA[]]></system-err>
</testsuite>
