<?xml version="1.0" encoding="UTF-8"?>
<testsuite name="addressbooktest.AddressBookTest" tests="1" skipped="0" failures="0" errors="0" timestamp="2020-05-06T11:21:50" hostname="blackhawkkk" time="0.474">
  <properties/>
  <testcase name="givenPersonalInformation_whenStoreInFile_shouldReturnTrue" classname="addressbooktest.AddressBookTest" time="0.474"/>
  <system-out><![CDATA[]]></system-out>
  <system-err><![CDATA[]]></system-err>
</testsuite>
