<?xml version="1.0" encoding="UTF-8"?>
<testsuite name="addressbooktest.AddressBookTest" tests="1" skipped="1" failures="0" errors="0" timestamp="2020-05-07T10:25:26" hostname="blackhawkkk" time="0.865">
  <properties/>
  <testcase name="givenAddressBook_whenExit" classname="addressbooktest.AddressBookTest" time="0.865">
    <skipped/>
  </testcase>
  <system-out><![CDATA[Exit..
]]></system-out>
  <system-err><![CDATA[]]></system-err>
</testsuite>
